{
  "RSpec": {
    "coverage": {
      "/Users/devinmorgenstern/code/pearing/spec/features/create_user_spec.rb": [
        1,
        null,
        1,
        1,
        1,
        null,
        1,
        1,
        null,
        1,
        null,
        1,
        null,
        1,
        1,
        null,
        null
      ],
      "/Users/devinmorgenstern/code/pearing/spec/rails_helper.rb": [
        null,
        1,
        1,
        null,
        1,
        1,
        1,
        null,
        null,
        null,
        null,
        null,
        null,
        null,
        null,
        null,
        null,
        null,
        null,
        null,
        null,
        null,
        null,
        null,
        null,
        null,
        1,
        null,
        1,
        null,
        1,
        null,
        null,
        null,
        null,
        1,
        null,
        null,
        null,
        null,
        null,
        null,
        null,
        null,
        null,
        null,
        null,
        null,
        null,
        null,
        1,
        null,
        null,
        1,
        null,
        null,
        null
      ],
      "/Users/devinmorgenstern/code/pearing/config/environment.rb": [
        null,
        1,
        null,
        null,
        1
      ],
      "/Users/devinmorgenstern/code/pearing/config/application.rb": [
        1,
        null,
        1,
        null,
        null,
        null,
        1,
        null,
        1,
        1,
        null,
        null,
        null,
        null,
        null
      ],
      "/Users/devinmorgenstern/code/pearing/config/boot.rb": [
        1,
        null,
        1
      ],
      "/Users/devinmorgenstern/code/pearing/config/environments/test.rb": [
        1,
        null,
        null,
        null,
        null,
        null,
        null,
        1,
        null,
        null,
        null,
        null,
        1,
        null,
        null,
        1,
        1,
        null,
        null,
        null,
        null,
        1,
        1,
        null,
        null,
        1,
        null,
        null,
        1,
        1,
        null,
        null,
        null,
        null,
        1,
        null,
        null,
        1,
        null,
        null,
        null,
        null
      ],
      "/Users/devinmorgenstern/code/pearing/config/initializers/application_controller_renderer.rb": [
        null,
        null,
        null,
        null,
        null,
        null
      ],
      "/Users/devinmorgenstern/code/pearing/config/initializers/assets.rb": [
        null,
        null,
        null,
        1,
        null,
        null,
        null,
        null,
        null,
        null,
        null
      ],
      "/Users/devinmorgenstern/code/pearing/config/initializers/backtrace_silencers.rb": [
        null,
        null,
        null,
        null,
        null,
        null,
        null
      ],
      "/Users/devinmorgenstern/code/pearing/config/initializers/cookies_serializer.rb": [
        null,
        null,
        null,
        null,
        1
      ],
      "/Users/devinmorgenstern/code/pearing/config/initializers/filter_parameter_logging.rb": [
        null,
        null,
        null,
        1
      ],
      "/Users/devinmorgenstern/code/pearing/config/initializers/high_voltage.rb": [
        1,
        1,
        1,
        null
      ],
      "/Users/devinmorgenstern/code/pearing/config/initializers/inflections.rb": [
        null,
        null,
        null,
        null,
        null,
        null,
        null,
        null,
        null,
        null,
        null,
        null,
        null,
        null,
        null,
        null
      ],
      "/Users/devinmorgenstern/code/pearing/config/initializers/mime_types.rb": [
        null,
        null,
        null,
        null
      ],
      "/Users/devinmorgenstern/code/pearing/config/initializers/new_framework_defaults.rb": [
        null,
        null,
        null,
        null,
        null,
        null,
        null,
        1,
        null,
        null,
        1,
        null,
        null,
        null,
        1,
        null,
        null,
        1,
        null,
        null,
        1,
        null,
        null,
        1
      ],
      "/Users/devinmorgenstern/code/pearing/config/initializers/session_store.rb": [
        null,
        null,
        1
      ],
      "/Users/devinmorgenstern/code/pearing/config/initializers/wrap_parameters.rb": [
        null,
        null,
        null,
        null,
        null,
        null,
        1,
        2,
        null,
        null,
        null,
        null,
        null,
        null
      ],
      "/Users/devinmorgenstern/code/pearing/config/routes.rb": [
        1,
        1,
        1,
        null
      ],
      "/Users/devinmorgenstern/code/pearing/app/helpers/application_helper.rb": [
        1,
        null
      ],
      "/Users/devinmorgenstern/code/pearing/spec/features/show_user_spec.rb": [
        1,
        null,
        1,
        1,
        1,
        null,
        null,
        1,
        null,
        1,
        1,
        null,
        null
      ],
      "/Users/devinmorgenstern/code/pearing/spec/models/user_spec.rb": [
        1,
        null,
        1,
        1,
        1,
        1,
        null,
        1,
        null,
        1,
        1,
        null,
        null
      ],
      "/Users/devinmorgenstern/code/pearing/app/models/user.rb": [
        1,
        null
      ],
      "/Users/devinmorgenstern/code/pearing/app/controllers/users_controller.rb": [
        1,
        1,
        2,
        null,
        null,
        1,
        1,
        null,
        null,
        1,
        1,
        1,
        1,
        null,
        null,
        1,
        null,
        1,
        1,
        null,
        null
      ],
      "/Users/devinmorgenstern/code/pearing/app/controllers/application_controller.rb": [
        1,
        1,
        null
      ]
    },
    "timestamp": 1485056532
  }
}
